Flutter crash report.
Please report a bug at https://github.com/flutter/flutter/issues.

## command

flutter --no-color run --machine --track-widget-creation --device-id=ad6c584b --start-paused --dart-define=flutter.inspector.structuredErrors=true --devtools-server-address=http://127.0.0.1:9102 lib\main.dart

## exception

FileSystemException: FileSystemException: Deletion failed, path = 'C:\Users\ew0nd\StudioProjects\gwa_app\.android' (OS Error: The process cannot access the file because it is being used by another process.
, errno = 32)

```
#0      _Directory._deleteSync (dart:io/directory_impl.dart:201:7)
#1      FileSystemEntity.deleteSync (dart:io/file_system_entity.dart:408:7)
#2      ForwardingFileSystemEntity.deleteSync (package:file/src/forwarding/forwarding_file_system_entity.dart:70:16)
#3      ErrorHandlingDirectory.deleteSync.<anonymous closure> (package:flutter_tools/src/base/error_handling_io.dart:459:22)
#4      _runSync (package:flutter_tools/src/base/error_handling_io.dart:556:14)
#5      ErrorHandlingDirectory.deleteSync (package:flutter_tools/src/base/error_handling_io.dart:458:12)
#6      _deleteIfExistsSync (package:flutter_tools/src/project.dart:1001:15)
#7      AndroidProject._regenerateLibrary (package:flutter_tools/src/project.dart:894:5)
#8      AndroidProject.ensureReadyForPlatformSpecificTooling (package:flutter_tools/src/project.dart:869:13)
#9      FlutterProject.ensureReadyForPlatformSpecificTooling (package:flutter_tools/src/project.dart:275:21)
<asynchronous suspension>
#10     FlutterCommand.verifyThenRunCommand (package:flutter_tools/src/runner/flutter_command.dart:1140:7)
<asynchronous suspension>
#11     FlutterCommand.run.<anonymous closure> (package:flutter_tools/src/runner/flutter_command.dart:1009:27)
<asynchronous suspension>
#12     AppContext.run.<anonymous closure> (package:flutter_tools/src/base/context.dart:150:19)
<asynchronous suspension>
#13     AppContext.run (package:flutter_tools/src/base/context.dart:149:12)
<asynchronous suspension>
#14     CommandRunner.runCommand (package:args/command_runner.dart:197:13)
<asynchronous suspension>
#15     FlutterCommandRunner.runCommand.<anonymous closure> (package:flutter_tools/src/runner/flutter_command_runner.dart:278:9)
<asynchronous suspension>
#16     AppContext.run.<anonymous closure> (package:flutter_tools/src/base/context.dart:150:19)
<asynchronous suspension>
#17     AppContext.run (package:flutter_tools/src/base/context.dart:149:12)
<asynchronous suspension>
#18     FlutterCommandRunner.runCommand (package:flutter_tools/src/runner/flutter_command_runner.dart:234:5)
<asynchronous suspension>
#19     run.<anonymous closure>.<anonymous closure> (package:flutter_tools/runner.dart:64:9)
<asynchronous suspension>
#20     run.<anonymous closure> (package:flutter_tools/runner.dart:62:12)
<asynchronous suspension>
#21     AppContext.run.<anonymous closure> (package:flutter_tools/src/base/context.dart:150:19)
<asynchronous suspension>
#22     AppContext.run (package:flutter_tools/src/base/context.dart:149:12)
<asynchronous suspension>
#23     runInContext (package:flutter_tools/src/context_runner.dart:73:10)
<asynchronous suspension>
#24     main (package:flutter_tools/executable.dart:90:3)
<asynchronous suspension>
```

## flutter doctor

```
[✓] Flutter (Channel stable, 2.0.6, on Microsoft Windows [Version 10.0.18363.1256], locale en-US)
    • Flutter version 2.0.6 at D:\Flutter\flutter_windows_2.0.6-stable\flutter
    • Framework revision 1d9032c7e1 (3 weeks ago), 2021-04-29 17:37:58 -0700
    • Engine revision 05e680e202
    • Dart version 2.12.3

[✓] Android toolchain - develop for Android devices (Android SDK version 30.0.3)
    • Android SDK at D:\FlutterDev\AndroidSDK
    • Platform android-30, build-tools 30.0.3
    • Java binary at: D:\FlutterDev\AndroidStudio\jre\bin\java
    • Java version OpenJDK Runtime Environment (build 11.0.8+10-b944.6842174)
    • All Android licenses accepted.

[✓] Chrome - develop for the web
    • Chrome at C:\Program Files (x86)\Google\Chrome\Application\chrome.exe

[✓] Android Studio
    • Android Studio at D:\FlutterDev\AndroidStudio
    • Flutter plugin can be installed from:
      🔨 https://plugins.jetbrains.com/plugin/9212-flutter
    • Dart plugin can be installed from:
      🔨 https://plugins.jetbrains.com/plugin/6351-dart
    • android-studio-dir = D:\FlutterDev\AndroidStudio
    • Java version OpenJDK Runtime Environment (build 11.0.8+10-b944.6842174)

[✓] IntelliJ IDEA Community Edition (version 2020.3)
    • IntelliJ at D:\Intellij\IntelliJ IDEA Community Edition 2020.3.2
    • Flutter plugin version 56.0.3
    • Dart plugin version 203.8173

[✓] Connected device (3 available)
    • ONEPLUS A6013 (mobile) • ad6c584b • android-arm64  • Android 10 (API 29)
    • Chrome (web)           • chrome   • web-javascript • Google Chrome 90.0.4430.212
    • Edge (web)             • edge     • web-javascript • Microsoft Edge 90.0.818.56

• No issues found!
```
